<?xml version="1.0" encoding="UTF-8"?>
<testsuite name="edu.xavier.csci260.atinlay.dal.EmployeeDAOTest" tests="5" skipped="0" failures="0" errors="0" timestamp="2017-05-01T00:15:51" hostname="CoSciMBP.local" time="0.075">
  <properties/>
  <testcase name="createEmployeeDotEquals" classname="edu.xavier.csci260.atinlay.dal.EmployeeDAOTest" time="0.024"/>
  <testcase name="createEmployeeToString" classname="edu.xavier.csci260.atinlay.dal.EmployeeDAOTest" time="0.012"/>
  <testcase name="deleteFromDB" classname="edu.xavier.csci260.atinlay.dal.EmployeeDAOTest" time="0.014"/>
  <testcase name="getEmployeeByUsernameToString" classname="edu.xavier.csci260.atinlay.dal.EmployeeDAOTest" time="0.012"/>
  <testcase name="getEmployeeByUsernameDotEquals" classname="edu.xavier.csci260.atinlay.dal.EmployeeDAOTest" time="0.01"/>
  <system-out><![CDATA[2017-04-30 20:15:50.840  INFO 4652 --- [    Test worker] .b.t.c.SpringBootTestContextBootstrapper : Neither @ContextConfiguration nor @ContextHierarchy found for test class [edu.xavier.csci260.atinlay.dal.EmployeeDAOTest], using SpringBootContextLoader
2017-04-30 20:15:50.840  INFO 4652 --- [    Test worker] o.s.t.c.support.AbstractContextLoader    : Could not detect default resource locations for test class [edu.xavier.csci260.atinlay.dal.EmployeeDAOTest]: no resource found for suffixes {-context.xml, Context.groovy}.
2017-04-30 20:15:50.840  INFO 4652 --- [    Test worker] t.c.s.AnnotationConfigContextLoaderUtils : Could not detect default configuration classes for test class [edu.xavier.csci260.atinlay.dal.EmployeeDAOTest]: EmployeeDAOTest does not declare any static, non-private, non-final, nested classes annotated with @Configuration.
2017-04-30 20:15:50.848  INFO 4652 --- [    Test worker] .b.t.c.SpringBootTestContextBootstrapper : Found @SpringBootConfiguration edu.xavier.csci260.atinlay.Application for test class edu.xavier.csci260.atinlay.dal.EmployeeDAOTest
2017-04-30 20:15:50.850  INFO 4652 --- [    Test worker] .b.t.c.SpringBootTestContextBootstrapper : Loaded default TestExecutionListener class names from location [META-INF/spring.factories]: [org.springframework.security.test.context.support.WithSecurityContextTestExecutionListener, org.springframework.boot.test.mock.mockito.MockitoTestExecutionListener, org.springframework.boot.test.mock.mockito.ResetMocksTestExecutionListener, org.springframework.boot.test.autoconfigure.restdocs.RestDocsTestExecutionListener, org.springframework.boot.test.autoconfigure.web.client.MockRestServiceServerResetTestExecutionListener, org.springframework.boot.test.autoconfigure.web.servlet.MockMvcPrintOnlyOnFailureTestExecutionListener, org.springframework.boot.test.autoconfigure.web.servlet.WebDriverTestExecutionListener, org.springframework.test.context.web.ServletTestExecutionListener, org.springframework.test.context.support.DirtiesContextBeforeModesTestExecutionListener, org.springframework.test.context.support.DependencyInjectionTestExecutionListener, org.springframework.test.context.support.DirtiesContextTestExecutionListener, org.springframework.test.context.transaction.TransactionalTestExecutionListener, org.springframework.test.context.jdbc.SqlScriptsTestExecutionListener]
2017-04-30 20:15:50.851  INFO 4652 --- [    Test worker] .b.t.c.SpringBootTestContextBootstrapper : Using TestExecutionListeners: [org.springframework.test.context.web.ServletTestExecutionListener@11d8f700, org.springframework.test.context.support.DirtiesContextBeforeModesTestExecutionListener@754d076e, org.springframework.boot.test.autoconfigure.SpringBootDependencyInjectionTestExecutionListener@5e61392d, org.springframework.test.context.support.DirtiesContextTestExecutionListener@6cb02f64, org.springframework.test.context.transaction.TransactionalTestExecutionListener@3a06a505, org.springframework.test.context.jdbc.SqlScriptsTestExecutionListener@27eda35c, org.springframework.security.test.context.support.WithSecurityContextTestExecutionListener@70124edd, org.springframework.boot.test.autoconfigure.web.client.MockRestServiceServerResetTestExecutionListener@1db494b4, org.springframework.boot.test.mock.mockito.ResetMocksTestExecutionListener@1295248a, org.springframework.boot.test.autoconfigure.web.servlet.WebDriverTestExecutionListener@58a882c7, org.springframework.boot.test.autoconfigure.restdocs.RestDocsTestExecutionListener@3aae4ba9, org.springframework.boot.test.autoconfigure.web.servlet.MockMvcPrintOnlyOnFailureTestExecutionListener@386697c, org.springframework.boot.test.mock.mockito.MockitoTestExecutionListener@380cacf2]

  .   ____          _            __ _ _
 /\\ / ___'_ __ _ _(_)_ __  __ _ \ \ \ \
( ( )\___ | '_ | '_| | '_ \/ _` | \ \ \ \
 \\/  ___)| |_)| | | | | || (_| |  ) ) ) )
  '  |____| .__|_| |_|_| |_\__, | / / / /
 =========|_|==============|___/=/_/_/_/
 :: Spring Boot ::        (v1.5.2.RELEASE)

2017-04-30 20:15:50.889  INFO 4652 --- [    Test worker] e.x.csci260.atinlay.dal.EmployeeDAOTest  : Starting EmployeeDAOTest on CoSciMBP.local with PID 4652 (started by csuser in /Users/csuser/Downloads/OOOtracker_services_atinlay-master)
2017-04-30 20:15:50.889  INFO 4652 --- [    Test worker] e.x.csci260.atinlay.dal.EmployeeDAOTest  : No active profile set, falling back to default profiles: default
2017-04-30 20:15:50.891  INFO 4652 --- [    Test worker] o.s.w.c.s.GenericWebApplicationContext   : Refreshing org.springframework.web.context.support.GenericWebApplicationContext@7df621e2: startup date [Sun Apr 30 20:15:50 EDT 2017]; root of context hierarchy
2017-04-30 20:15:51.231  INFO 4652 --- [    Test worker] trationDelegate$BeanPostProcessorChecker : Bean 'org.springframework.transaction.annotation.ProxyTransactionManagementConfiguration' of type [org.springframework.transaction.annotation.ProxyTransactionManagementConfiguration$$EnhancerBySpringCGLIB$$9ec0926d] is not eligible for getting processed by all BeanPostProcessors (for example: not eligible for auto-proxying)
2017-04-30 20:15:51.307  INFO 4652 --- [    Test worker] o.s.jdbc.datasource.init.ScriptUtils     : Executing SQL script from URL [file:/Users/csuser/Downloads/OOOtracker_services_atinlay-master/build/resources/main/schema.sql]
2017-04-30 20:15:51.311  INFO 4652 --- [    Test worker] o.s.jdbc.datasource.init.ScriptUtils     : Executed SQL script from URL [file:/Users/csuser/Downloads/OOOtracker_services_atinlay-master/build/resources/main/schema.sql] in 4 ms.
2017-04-30 20:15:51.313  INFO 4652 --- [    Test worker] o.s.jdbc.datasource.init.ScriptUtils     : Executing SQL script from URL [file:/Users/csuser/Downloads/OOOtracker_services_atinlay-master/build/resources/test/data.sql]
2017-04-30 20:15:51.314  INFO 4652 --- [    Test worker] o.s.jdbc.datasource.init.ScriptUtils     : Executed SQL script from URL [file:/Users/csuser/Downloads/OOOtracker_services_atinlay-master/build/resources/test/data.sql] in 1 ms.
2017-04-30 20:15:51.342  INFO 4652 --- [    Test worker] j.LocalContainerEntityManagerFactoryBean : Building JPA container EntityManagerFactory for persistence unit 'default'
2017-04-30 20:15:51.342  INFO 4652 --- [    Test worker] o.hibernate.jpa.internal.util.LogHelper  : HHH000204: Processing PersistenceUnitInfo [
	name: default
	...]
2017-04-30 20:15:51.346  INFO 4652 --- [    Test worker] org.hibernate.dialect.Dialect            : HHH000400: Using dialect: org.hibernate.dialect.H2Dialect
2017-04-30 20:15:51.353  INFO 4652 --- [    Test worker] org.hibernate.tool.hbm2ddl.SchemaExport  : HHH000227: Running hbm2ddl schema export
2017-04-30 20:15:51.354  INFO 4652 --- [    Test worker] org.hibernate.tool.hbm2ddl.SchemaExport  : HHH000230: Schema export complete
2017-04-30 20:15:51.354  WARN 4652 --- [    Test worker] o.h.j.i.EntityManagerFactoryRegistry     : HHH000436: Entity manager factory name (default) is already registered.  If entity manager will be clustered or passivated, specify a unique value for property 'hibernate.ejb.entitymanager_factory_name'
2017-04-30 20:15:51.354  INFO 4652 --- [    Test worker] j.LocalContainerEntityManagerFactoryBean : Initialized JPA EntityManagerFactory for persistence unit 'default'
2017-04-30 20:15:51.494 DEBUG 4652 --- [    Test worker] eGlobalAuthenticationAutowiredConfigurer : Eagerly initializing {webSecurityConfig=edu.xavier.csci260.atinlay.config.WebSecurityConfig$$EnhancerBySpringCGLIB$$fd092603@7170b101}
2017-04-30 20:15:51.505  INFO 4652 --- [    Test worker] o.s.s.web.DefaultSecurityFilterChain     : Creating filter chain: Ant [pattern='/includes/**'], []
2017-04-30 20:15:51.506  INFO 4652 --- [    Test worker] o.s.s.web.DefaultSecurityFilterChain     : Creating filter chain: Ant [pattern='/assets/**'], []
2017-04-30 20:15:51.528 DEBUG 4652 --- [    Test worker] edFilterInvocationSecurityMetadataSource : Adding web access control expression 'permitAll', for ExactUrl [processUrl='/login?error']
2017-04-30 20:15:51.528 DEBUG 4652 --- [    Test worker] edFilterInvocationSecurityMetadataSource : Adding web access control expression 'permitAll', for ExactUrl [processUrl='/login']
2017-04-30 20:15:51.528 DEBUG 4652 --- [    Test worker] edFilterInvocationSecurityMetadataSource : Adding web access control expression 'permitAll', for ExactUrl [processUrl='/login']
2017-04-30 20:15:51.528 DEBUG 4652 --- [    Test worker] edFilterInvocationSecurityMetadataSource : Adding web access control expression 'hasRole('ROLE_HR')', for Ant [pattern='/human-resources/**']
2017-04-30 20:15:51.529 DEBUG 4652 --- [    Test worker] edFilterInvocationSecurityMetadataSource : Adding web access control expression 'hasRole('ROLE_MANAGER')', for Ant [pattern='/manager/**']
2017-04-30 20:15:51.529 DEBUG 4652 --- [    Test worker] edFilterInvocationSecurityMetadataSource : Adding web access control expression 'permitAll', for Ant [pattern='/']
2017-04-30 20:15:51.529 DEBUG 4652 --- [    Test worker] edFilterInvocationSecurityMetadataSource : Adding web access control expression 'permitAll', for Ant [pattern='/home']
2017-04-30 20:15:51.529 DEBUG 4652 --- [    Test worker] edFilterInvocationSecurityMetadataSource : Adding web access control expression 'permitAll', for Ant [pattern='/login']
2017-04-30 20:15:51.529 DEBUG 4652 --- [    Test worker] edFilterInvocationSecurityMetadataSource : Adding web access control expression 'authenticated', for Ant [pattern='/includes/**']
2017-04-30 20:15:51.529 DEBUG 4652 --- [    Test worker] edFilterInvocationSecurityMetadataSource : Adding web access control expression 'authenticated', for Ant [pattern='/assets/**']
2017-04-30 20:15:51.529 DEBUG 4652 --- [    Test worker] edFilterInvocationSecurityMetadataSource : Adding web access control expression 'authenticated', for org.springframework.security.web.util.matcher.AnyRequestMatcher@1
2017-04-30 20:15:51.531 DEBUG 4652 --- [    Test worker] o.s.s.w.a.i.FilterSecurityInterceptor    : Validated configuration attributes
2017-04-30 20:15:51.531 DEBUG 4652 --- [    Test worker] o.s.s.w.a.i.FilterSecurityInterceptor    : Validated configuration attributes
2017-04-30 20:15:51.537  INFO 4652 --- [    Test worker] o.s.s.web.DefaultSecurityFilterChain     : Creating filter chain: org.springframework.security.web.util.matcher.AnyRequestMatcher@1, [org.springframework.security.web.context.request.async.WebAsyncManagerIntegrationFilter@2fb8945f, org.springframework.security.web.context.SecurityContextPersistenceFilter@1b120eff, org.springframework.security.web.header.HeaderWriterFilter@421d0b41, org.springframework.security.web.csrf.CsrfFilter@745aa195, org.springframework.security.web.authentication.logout.LogoutFilter@7ee660a, org.springframework.security.web.authentication.UsernamePasswordAuthenticationFilter@4e99436c, org.springframework.security.web.savedrequest.RequestCacheAwareFilter@3d47cd84, org.springframework.security.web.servletapi.SecurityContextHolderAwareRequestFilter@17aa8e6e, org.springframework.security.web.authentication.AnonymousAuthenticationFilter@1d63b8b1, org.springframework.security.web.session.SessionManagementFilter@3ae5563f, org.springframework.security.web.access.ExceptionTranslationFilter@716af33a, org.springframework.security.web.access.intercept.FilterSecurityInterceptor@474b611f]
2017-04-30 20:15:51.540 DEBUG 4652 --- [    Test worker] edFilterInvocationSecurityMetadataSource : Adding web access control expression 'authenticated', for org.springframework.boot.actuate.autoconfigure.ManagementWebSecurityAutoConfiguration$LazyEndpointPathRequestMatcher@5fed3bb1
2017-04-30 20:15:51.540 DEBUG 4652 --- [    Test worker] edFilterInvocationSecurityMetadataSource : Adding web access control expression 'permitAll', for org.springframework.boot.actuate.autoconfigure.ManagementWebSecurityAutoConfiguration$LazyEndpointPathRequestMatcher@3ef405c6
2017-04-30 20:15:51.540 DEBUG 4652 --- [    Test worker] o.s.s.w.a.i.FilterSecurityInterceptor    : Validated configuration attributes
2017-04-30 20:15:51.540 DEBUG 4652 --- [    Test worker] o.s.s.w.a.i.FilterSecurityInterceptor    : Validated configuration attributes
2017-04-30 20:15:51.542  INFO 4652 --- [    Test worker] o.s.s.web.DefaultSecurityFilterChain     : Creating filter chain: org.springframework.boot.actuate.autoconfigure.ManagementWebSecurityAutoConfiguration$LazyEndpointPathRequestMatcher@4c713c2b, [org.springframework.security.web.context.request.async.WebAsyncManagerIntegrationFilter@22ae96e8, org.springframework.security.web.context.SecurityContextPersistenceFilter@4b76b90e, org.springframework.security.web.header.HeaderWriterFilter@6b196c96, org.springframework.security.web.authentication.logout.LogoutFilter@212d5853, org.springframework.security.web.authentication.www.BasicAuthenticationFilter@1bc392d3, org.springframework.security.web.savedrequest.RequestCacheAwareFilter@72d26557, org.springframework.security.web.servletapi.SecurityContextHolderAwareRequestFilter@520fca47, org.springframework.security.web.authentication.AnonymousAuthenticationFilter@4ebeffa7, org.springframework.security.web.session.SessionManagementFilter@1e9db98c, org.springframework.security.web.access.ExceptionTranslationFilter@6c1aa0ef, org.springframework.security.web.access.intercept.FilterSecurityInterceptor@4e34490b]
2017-04-30 20:15:51.598  INFO 4652 --- [    Test worker] s.w.s.m.m.a.RequestMappingHandlerAdapter : Looking for @ControllerAdvice: org.springframework.web.context.support.GenericWebApplicationContext@7df621e2: startup date [Sun Apr 30 20:15:50 EDT 2017]; root of context hierarchy
2017-04-30 20:15:51.611  INFO 4652 --- [    Test worker] s.w.s.m.m.a.RequestMappingHandlerMapping : Mapped "{[/index],methods=[GET]}" onto public java.lang.String edu.xavier.csci260.atinlay.controller.GreetingController.index()
2017-04-30 20:15:51.611  INFO 4652 --- [    Test worker] s.w.s.m.m.a.RequestMappingHandlerMapping : Mapped "{[/login],methods=[GET]}" onto public org.springframework.web.servlet.ModelAndView edu.xavier.csci260.atinlay.controller.GreetingController.login(java.lang.String,java.lang.String)
2017-04-30 20:15:51.611  INFO 4652 --- [    Test worker] s.w.s.m.m.a.RequestMappingHandlerMapping : Mapped "{[/login]}" onto public java.lang.String edu.xavier.csci260.atinlay.controller.GreetingController.login()
2017-04-30 20:15:51.611  INFO 4652 --- [    Test worker] s.w.s.m.m.a.RequestMappingHandlerMapping : Mapped "{[/home || /],methods=[GET]}" onto public java.lang.String edu.xavier.csci260.atinlay.controller.GreetingController.home()
2017-04-30 20:15:51.611  INFO 4652 --- [    Test worker] s.w.s.m.m.a.RequestMappingHandlerMapping : Mapped "{[/hello],methods=[GET]}" onto public java.lang.String edu.xavier.csci260.atinlay.controller.GreetingController.hello()
2017-04-30 20:15:51.611  INFO 4652 --- [    Test worker] s.w.s.m.m.a.RequestMappingHandlerMapping : Mapped "{[/logout],methods=[GET]}" onto public java.lang.String edu.xavier.csci260.atinlay.controller.GreetingController.logoutPage(javax.servlet.http.HttpServletRequest,javax.servlet.http.HttpServletResponse)
2017-04-30 20:15:51.611  INFO 4652 --- [    Test worker] s.w.s.m.m.a.RequestMappingHandlerMapping : Mapped "{[/calendar],methods=[GET]}" onto public java.lang.String edu.xavier.csci260.atinlay.controller.GreetingController.calendar()
2017-04-30 20:15:51.612  INFO 4652 --- [    Test worker] s.w.s.m.m.a.RequestMappingHandlerMapping : Mapped "{[/manager/forTesting]}" onto public java.lang.String edu.xavier.csci260.atinlay.controller.ManagerController.messages()
2017-04-30 20:15:51.612  INFO 4652 --- [    Test worker] s.w.s.m.m.a.RequestMappingHandlerMapping : Mapped "{[/messages/{username}]}" onto public java.lang.String edu.xavier.csci260.atinlay.controller.MessageController.messages(org.springframework.ui.Model,java.lang.String)
2017-04-30 20:15:51.612  INFO 4652 --- [    Test worker] s.w.s.m.m.a.RequestMappingHandlerMapping : Mapped "{[/readMessage/{messageID}]}" onto public java.lang.String edu.xavier.csci260.atinlay.controller.MessageController.readMessage(org.springframework.ui.Model,java.lang.Long)
2017-04-30 20:15:51.612  INFO 4652 --- [    Test worker] s.w.s.m.m.a.RequestMappingHandlerMapping : Mapped "{[/compose],methods=[GET]}" onto public java.lang.String edu.xavier.csci260.atinlay.controller.MessageController.getCompose(org.springframework.ui.Model)
2017-04-30 20:15:51.612  INFO 4652 --- [    Test worker] s.w.s.m.m.a.RequestMappingHandlerMapping : Mapped "{[/compose],methods=[POST]}" onto public java.lang.String edu.xavier.csci260.atinlay.controller.MessageController.postCompose()
2017-04-30 20:15:51.613  INFO 4652 --- [    Test worker] s.w.s.m.m.a.RequestMappingHandlerMapping : Mapped "{[/newRequest],methods=[POST]}" onto public java.lang.String edu.xavier.csci260.atinlay.controller.RequestController.newRequest(edu.xavier.csci260.atinlay.domain.TimeOff.TimeOffReq,org.springframework.ui.Model)
2017-04-30 20:15:51.613  INFO 4652 --- [    Test worker] s.w.s.m.m.a.RequestMappingHandlerMapping : Mapped "{[/newRequest],methods=[GET]}" onto public java.lang.String edu.xavier.csci260.atinlay.controller.RequestController.getNewRequest(org.springframework.ui.Model)
2017-04-30 20:15:51.615  INFO 4652 --- [    Test worker] s.w.s.m.m.a.RequestMappingHandlerMapping : Mapped "{[/error]}" onto public org.springframework.http.ResponseEntity<java.util.Map<java.lang.String, java.lang.Object>> org.springframework.boot.autoconfigure.web.BasicErrorController.error(javax.servlet.http.HttpServletRequest)
2017-04-30 20:15:51.617  INFO 4652 --- [    Test worker] s.w.s.m.m.a.RequestMappingHandlerMapping : Mapped "{[/error],produces=[text/html]}" onto public org.springframework.web.servlet.ModelAndView org.springframework.boot.autoconfigure.web.BasicErrorController.errorHtml(javax.servlet.http.HttpServletRequest,javax.servlet.http.HttpServletResponse)
2017-04-30 20:15:51.625  INFO 4652 --- [    Test worker] o.s.w.s.handler.SimpleUrlHandlerMapping  : Root mapping to handler of type [class org.springframework.web.servlet.mvc.ParameterizableViewController]
2017-04-30 20:15:51.625  INFO 4652 --- [    Test worker] o.s.w.s.handler.SimpleUrlHandlerMapping  : Mapped URL path [/home] onto handler of type [class org.springframework.web.servlet.mvc.ParameterizableViewController]
2017-04-30 20:15:51.625  INFO 4652 --- [    Test worker] o.s.w.s.handler.SimpleUrlHandlerMapping  : Mapped URL path [/login] onto handler of type [class org.springframework.web.servlet.mvc.ParameterizableViewController]
2017-04-30 20:15:51.625  INFO 4652 --- [    Test worker] o.s.w.s.handler.SimpleUrlHandlerMapping  : Mapped URL path [/addEmployee] onto handler of type [class org.springframework.web.servlet.mvc.ParameterizableViewController]
2017-04-30 20:15:51.625  INFO 4652 --- [    Test worker] o.s.w.s.handler.SimpleUrlHandlerMapping  : Mapped URL path [/messages] onto handler of type [class org.springframework.web.servlet.mvc.ParameterizableViewController]
2017-04-30 20:15:51.625  INFO 4652 --- [    Test worker] o.s.w.s.handler.SimpleUrlHandlerMapping  : Mapped URL path [/requests] onto handler of type [class org.springframework.web.servlet.mvc.ParameterizableViewController]
2017-04-30 20:15:51.625  INFO 4652 --- [    Test worker] o.s.w.s.handler.SimpleUrlHandlerMapping  : Mapped URL path [/newRequest] onto handler of type [class org.springframework.web.servlet.mvc.ParameterizableViewController]
2017-04-30 20:15:51.630  INFO 4652 --- [    Test worker] o.s.w.s.handler.SimpleUrlHandlerMapping  : Mapped URL path [/webjars/**] onto handler of type [class org.springframework.web.servlet.resource.ResourceHttpRequestHandler]
2017-04-30 20:15:51.630  INFO 4652 --- [    Test worker] o.s.w.s.handler.SimpleUrlHandlerMapping  : Mapped URL path [/**] onto handler of type [class org.springframework.web.servlet.resource.ResourceHttpRequestHandler]
2017-04-30 20:15:51.650  INFO 4652 --- [    Test worker] o.s.w.s.handler.SimpleUrlHandlerMapping  : Mapped URL path [/**/favicon.ico] onto handler of type [class org.springframework.web.servlet.resource.ResourceHttpRequestHandler]
2017-04-30 20:15:51.781  INFO 4652 --- [    Test worker] o.s.b.a.e.mvc.EndpointHandlerMapping     : Mapped "{[/configprops || /configprops.json],methods=[GET],produces=[application/vnd.spring-boot.actuator.v1+json || application/json]}" onto public java.lang.Object org.springframework.boot.actuate.endpoint.mvc.EndpointMvcAdapter.invoke()
2017-04-30 20:15:51.782  INFO 4652 --- [    Test worker] o.s.b.a.e.mvc.EndpointHandlerMapping     : Mapped "{[/metrics/{name:.*}],methods=[GET],produces=[application/vnd.spring-boot.actuator.v1+json || application/json]}" onto public java.lang.Object org.springframework.boot.actuate.endpoint.mvc.MetricsMvcEndpoint.value(java.lang.String)
2017-04-30 20:15:51.782  INFO 4652 --- [    Test worker] o.s.b.a.e.mvc.EndpointHandlerMapping     : Mapped "{[/metrics || /metrics.json],methods=[GET],produces=[application/vnd.spring-boot.actuator.v1+json || application/json]}" onto public java.lang.Object org.springframework.boot.actuate.endpoint.mvc.EndpointMvcAdapter.invoke()
2017-04-30 20:15:51.782  INFO 4652 --- [    Test worker] o.s.b.a.e.mvc.EndpointHandlerMapping     : Mapped "{[/trace || /trace.json],methods=[GET],produces=[application/vnd.spring-boot.actuator.v1+json || application/json]}" onto public java.lang.Object org.springframework.boot.actuate.endpoint.mvc.EndpointMvcAdapter.invoke()
2017-04-30 20:15:51.782  INFO 4652 --- [    Test worker] o.s.b.a.e.mvc.EndpointHandlerMapping     : Mapped "{[/beans || /beans.json],methods=[GET],produces=[application/vnd.spring-boot.actuator.v1+json || application/json]}" onto public java.lang.Object org.springframework.boot.actuate.endpoint.mvc.EndpointMvcAdapter.invoke()
2017-04-30 20:15:51.783  INFO 4652 --- [    Test worker] o.s.b.a.e.mvc.EndpointHandlerMapping     : Mapped "{[/loggers/{name:.*}],methods=[GET],produces=[application/vnd.spring-boot.actuator.v1+json || application/json]}" onto public java.lang.Object org.springframework.boot.actuate.endpoint.mvc.LoggersMvcEndpoint.get(java.lang.String)
2017-04-30 20:15:51.783  INFO 4652 --- [    Test worker] o.s.b.a.e.mvc.EndpointHandlerMapping     : Mapped "{[/loggers/{name:.*}],methods=[POST],consumes=[application/vnd.spring-boot.actuator.v1+json || application/json],produces=[application/vnd.spring-boot.actuator.v1+json || application/json]}" onto public java.lang.Object org.springframework.boot.actuate.endpoint.mvc.LoggersMvcEndpoint.set(java.lang.String,java.util.Map<java.lang.String, java.lang.String>)
2017-04-30 20:15:51.783  INFO 4652 --- [    Test worker] o.s.b.a.e.mvc.EndpointHandlerMapping     : Mapped "{[/loggers || /loggers.json],methods=[GET],produces=[application/vnd.spring-boot.actuator.v1+json || application/json]}" onto public java.lang.Object org.springframework.boot.actuate.endpoint.mvc.EndpointMvcAdapter.invoke()
2017-04-30 20:15:51.784  INFO 4652 --- [    Test worker] o.s.b.a.e.mvc.EndpointHandlerMapping     : Mapped "{[/mappings || /mappings.json],methods=[GET],produces=[application/vnd.spring-boot.actuator.v1+json || application/json]}" onto public java.lang.Object org.springframework.boot.actuate.endpoint.mvc.EndpointMvcAdapter.invoke()
2017-04-30 20:15:51.784  INFO 4652 --- [    Test worker] o.s.b.a.e.mvc.EndpointHandlerMapping     : Mapped "{[/health || /health.json],methods=[GET],produces=[application/vnd.spring-boot.actuator.v1+json || application/json]}" onto public java.lang.Object org.springframework.boot.actuate.endpoint.mvc.HealthMvcEndpoint.invoke(javax.servlet.http.HttpServletRequest,java.security.Principal)
2017-04-30 20:15:51.785  INFO 4652 --- [    Test worker] o.s.b.a.e.mvc.EndpointHandlerMapping     : Mapped "{[/autoconfig || /autoconfig.json],methods=[GET],produces=[application/vnd.spring-boot.actuator.v1+json || application/json]}" onto public java.lang.Object org.springframework.boot.actuate.endpoint.mvc.EndpointMvcAdapter.invoke()
2017-04-30 20:15:51.785  INFO 4652 --- [    Test worker] o.s.b.a.e.mvc.EndpointHandlerMapping     : Mapped "{[/dump || /dump.json],methods=[GET],produces=[application/vnd.spring-boot.actuator.v1+json || application/json]}" onto public java.lang.Object org.springframework.boot.actuate.endpoint.mvc.EndpointMvcAdapter.invoke()
2017-04-30 20:15:51.786  INFO 4652 --- [    Test worker] o.s.b.a.e.mvc.EndpointHandlerMapping     : Mapped "{[/auditevents || /auditevents.json],methods=[GET],produces=[application/vnd.spring-boot.actuator.v1+json || application/json]}" onto public org.springframework.http.ResponseEntity<?> org.springframework.boot.actuate.endpoint.mvc.AuditEventsMvcEndpoint.findByPrincipalAndAfterAndType(java.lang.String,java.util.Date,java.lang.String)
2017-04-30 20:15:51.786  INFO 4652 --- [    Test worker] o.s.b.a.e.mvc.EndpointHandlerMapping     : Mapped "{[/info || /info.json],methods=[GET],produces=[application/vnd.spring-boot.actuator.v1+json || application/json]}" onto public java.lang.Object org.springframework.boot.actuate.endpoint.mvc.EndpointMvcAdapter.invoke()
2017-04-30 20:15:51.786  INFO 4652 --- [    Test worker] o.s.b.a.e.mvc.EndpointHandlerMapping     : Mapped "{[/heapdump || /heapdump.json],methods=[GET],produces=[application/octet-stream]}" onto public void org.springframework.boot.actuate.endpoint.mvc.HeapdumpMvcEndpoint.invoke(boolean,javax.servlet.http.HttpServletRequest,javax.servlet.http.HttpServletResponse) throws java.io.IOException,javax.servlet.ServletException
2017-04-30 20:15:51.787  INFO 4652 --- [    Test worker] o.s.b.a.e.mvc.EndpointHandlerMapping     : Mapped "{[/env/{name:.*}],methods=[GET],produces=[application/vnd.spring-boot.actuator.v1+json || application/json]}" onto public java.lang.Object org.springframework.boot.actuate.endpoint.mvc.EnvironmentMvcEndpoint.value(java.lang.String)
2017-04-30 20:15:51.787  INFO 4652 --- [    Test worker] o.s.b.a.e.mvc.EndpointHandlerMapping     : Mapped "{[/env || /env.json],methods=[GET],produces=[application/vnd.spring-boot.actuator.v1+json || application/json]}" onto public java.lang.Object org.springframework.boot.actuate.endpoint.mvc.EndpointMvcAdapter.invoke()
2017-04-30 20:15:51.939  INFO 4652 --- [    Test worker] e.x.csci260.atinlay.dal.EmployeeDAOTest  : Started EmployeeDAOTest in 1.084 seconds (JVM running for 7.535)
2017-04-30 20:15:51.944  INFO 4652 --- [    Test worker] o.s.jdbc.datasource.init.ScriptUtils     : Executing SQL script from class path resource [testSchema.sql]
2017-04-30 20:15:51.948  INFO 4652 --- [    Test worker] o.s.jdbc.datasource.init.ScriptUtils     : Executed SQL script from class path resource [testSchema.sql] in 4 ms.
2017-04-30 20:15:51.949  INFO 4652 --- [    Test worker] o.s.jdbc.datasource.init.ScriptUtils     : Executing SQL script from class path resource [data.sql]
2017-04-30 20:15:51.950  INFO 4652 --- [    Test worker] o.s.jdbc.datasource.init.ScriptUtils     : Executed SQL script from class path resource [data.sql] in 1 ms.
2017-04-30 20:15:51.963  INFO 4652 --- [    Test worker] o.s.jdbc.datasource.init.ScriptUtils     : Executing SQL script from class path resource [tearDown.sql]
2017-04-30 20:15:51.964  INFO 4652 --- [    Test worker] o.s.jdbc.datasource.init.ScriptUtils     : Executed SQL script from class path resource [tearDown.sql] in 1 ms.
2017-04-30 20:15:51.966  INFO 4652 --- [    Test worker] o.s.jdbc.datasource.init.ScriptUtils     : Executing SQL script from class path resource [testSchema.sql]
2017-04-30 20:15:51.969  INFO 4652 --- [    Test worker] o.s.jdbc.datasource.init.ScriptUtils     : Executed SQL script from class path resource [testSchema.sql] in 3 ms.
2017-04-30 20:15:51.969  INFO 4652 --- [    Test worker] o.s.jdbc.datasource.init.ScriptUtils     : Executing SQL script from class path resource [data.sql]
2017-04-30 20:15:51.971  INFO 4652 --- [    Test worker] o.s.jdbc.datasource.init.ScriptUtils     : Executed SQL script from class path resource [data.sql] in 1 ms.
2017-04-30 20:15:51.975  INFO 4652 --- [    Test worker] o.s.jdbc.datasource.init.ScriptUtils     : Executing SQL script from class path resource [tearDown.sql]
2017-04-30 20:15:51.977  INFO 4652 --- [    Test worker] o.s.jdbc.datasource.init.ScriptUtils     : Executed SQL script from class path resource [tearDown.sql] in 2 ms.
2017-04-30 20:15:51.978  INFO 4652 --- [    Test worker] o.s.jdbc.datasource.init.ScriptUtils     : Executing SQL script from class path resource [testSchema.sql]
2017-04-30 20:15:51.981  INFO 4652 --- [    Test worker] o.s.jdbc.datasource.init.ScriptUtils     : Executed SQL script from class path resource [testSchema.sql] in 3 ms.
2017-04-30 20:15:51.982  INFO 4652 --- [    Test worker] o.s.jdbc.datasource.init.ScriptUtils     : Executing SQL script from class path resource [data.sql]
2017-04-30 20:15:51.983  INFO 4652 --- [    Test worker] o.s.jdbc.datasource.init.ScriptUtils     : Executed SQL script from class path resource [data.sql] in 1 ms.
2017-04-30 20:15:51.991  INFO 4652 --- [    Test worker] o.s.jdbc.datasource.init.ScriptUtils     : Executing SQL script from class path resource [tearDown.sql]
2017-04-30 20:15:51.992  INFO 4652 --- [    Test worker] o.s.jdbc.datasource.init.ScriptUtils     : Executed SQL script from class path resource [tearDown.sql] in 1 ms.
2017-04-30 20:15:51.994  INFO 4652 --- [    Test worker] o.s.jdbc.datasource.init.ScriptUtils     : Executing SQL script from class path resource [testSchema.sql]
2017-04-30 20:15:51.997  INFO 4652 --- [    Test worker] o.s.jdbc.datasource.init.ScriptUtils     : Executed SQL script from class path resource [testSchema.sql] in 3 ms.
2017-04-30 20:15:51.998  INFO 4652 --- [    Test worker] o.s.jdbc.datasource.init.ScriptUtils     : Executing SQL script from class path resource [data.sql]
2017-04-30 20:15:51.999  INFO 4652 --- [    Test worker] o.s.jdbc.datasource.init.ScriptUtils     : Executed SQL script from class path resource [data.sql] in 1 ms.
2017-04-30 20:15:52.003  INFO 4652 --- [    Test worker] o.s.jdbc.datasource.init.ScriptUtils     : Executing SQL script from class path resource [tearDown.sql]
2017-04-30 20:15:52.005  INFO 4652 --- [    Test worker] o.s.jdbc.datasource.init.ScriptUtils     : Executed SQL script from class path resource [tearDown.sql] in 2 ms.
2017-04-30 20:15:52.006  INFO 4652 --- [    Test worker] o.s.jdbc.datasource.init.ScriptUtils     : Executing SQL script from class path resource [testSchema.sql]
2017-04-30 20:15:52.009  INFO 4652 --- [    Test worker] o.s.jdbc.datasource.init.ScriptUtils     : Executed SQL script from class path resource [testSchema.sql] in 3 ms.
2017-04-30 20:15:52.009  INFO 4652 --- [    Test worker] o.s.jdbc.datasource.init.ScriptUtils     : Executing SQL script from class path resource [data.sql]
2017-04-30 20:15:52.010  INFO 4652 --- [    Test worker] o.s.jdbc.datasource.init.ScriptUtils     : Executed SQL script from class path resource [data.sql] in 1 ms.
2017-04-30 20:15:52.014  INFO 4652 --- [    Test worker] o.s.jdbc.datasource.init.ScriptUtils     : Executing SQL script from class path resource [tearDown.sql]
2017-04-30 20:15:52.015  INFO 4652 --- [    Test worker] o.s.jdbc.datasource.init.ScriptUtils     : Executed SQL script from class path resource [tearDown.sql] in 1 ms.
]]></system-out>
  <system-err><![CDATA[]]></system-err>
</testsuite>
