<?xml version="1.0" encoding="UTF-8"?>
<testsuite name="edu.xavier.csci260.atinlay.dal.MessageDAOTest" tests="3" skipped="0" failures="0" errors="0" timestamp="2017-05-01T00:15:52" hostname="CoSciMBP.local" time="0.034">
  <properties/>
  <testcase name="createMessage" classname="edu.xavier.csci260.atinlay.dal.MessageDAOTest" time="0.015"/>
  <testcase name="getMessagesBySender" classname="edu.xavier.csci260.atinlay.dal.MessageDAOTest" time="0.009"/>
  <testcase name="getMessagesByRecipient" classname="edu.xavier.csci260.atinlay.dal.MessageDAOTest" time="0.008"/>
  <system-out><![CDATA[2017-04-30 20:15:52.017  INFO 4652 --- [    Test worker] .b.t.c.SpringBootTestContextBootstrapper : Neither @ContextConfiguration nor @ContextHierarchy found for test class [edu.xavier.csci260.atinlay.dal.MessageDAOTest], using SpringBootContextLoader
2017-04-30 20:15:52.017  INFO 4652 --- [    Test worker] o.s.t.c.support.AbstractContextLoader    : Could not detect default resource locations for test class [edu.xavier.csci260.atinlay.dal.MessageDAOTest]: no resource found for suffixes {-context.xml, Context.groovy}.
2017-04-30 20:15:52.017  INFO 4652 --- [    Test worker] t.c.s.AnnotationConfigContextLoaderUtils : Could not detect default configuration classes for test class [edu.xavier.csci260.atinlay.dal.MessageDAOTest]: MessageDAOTest does not declare any static, non-private, non-final, nested classes annotated with @Configuration.
2017-04-30 20:15:52.019  INFO 4652 --- [    Test worker] .b.t.c.SpringBootTestContextBootstrapper : Found @SpringBootConfiguration edu.xavier.csci260.atinlay.Application for test class edu.xavier.csci260.atinlay.dal.MessageDAOTest
2017-04-30 20:15:52.020  INFO 4652 --- [    Test worker] .b.t.c.SpringBootTestContextBootstrapper : Loaded default TestExecutionListener class names from location [META-INF/spring.factories]: [org.springframework.security.test.context.support.WithSecurityContextTestExecutionListener, org.springframework.boot.test.mock.mockito.MockitoTestExecutionListener, org.springframework.boot.test.mock.mockito.ResetMocksTestExecutionListener, org.springframework.boot.test.autoconfigure.restdocs.RestDocsTestExecutionListener, org.springframework.boot.test.autoconfigure.web.client.MockRestServiceServerResetTestExecutionListener, org.springframework.boot.test.autoconfigure.web.servlet.MockMvcPrintOnlyOnFailureTestExecutionListener, org.springframework.boot.test.autoconfigure.web.servlet.WebDriverTestExecutionListener, org.springframework.test.context.web.ServletTestExecutionListener, org.springframework.test.context.support.DirtiesContextBeforeModesTestExecutionListener, org.springframework.test.context.support.DependencyInjectionTestExecutionListener, org.springframework.test.context.support.DirtiesContextTestExecutionListener, org.springframework.test.context.transaction.TransactionalTestExecutionListener, org.springframework.test.context.jdbc.SqlScriptsTestExecutionListener]
2017-04-30 20:15:52.021  INFO 4652 --- [    Test worker] .b.t.c.SpringBootTestContextBootstrapper : Using TestExecutionListeners: [org.springframework.test.context.web.ServletTestExecutionListener@4733f125, org.springframework.test.context.support.DirtiesContextBeforeModesTestExecutionListener@3821a81b, org.springframework.boot.test.autoconfigure.SpringBootDependencyInjectionTestExecutionListener@4031027a, org.springframework.test.context.support.DirtiesContextTestExecutionListener@1077abaf, org.springframework.test.context.transaction.TransactionalTestExecutionListener@4815da5d, org.springframework.test.context.jdbc.SqlScriptsTestExecutionListener@7dc1c234, org.springframework.security.test.context.support.WithSecurityContextTestExecutionListener@352b2d24, org.springframework.boot.test.autoconfigure.web.client.MockRestServiceServerResetTestExecutionListener@182cd2fd, org.springframework.boot.test.mock.mockito.ResetMocksTestExecutionListener@7e0d2497, org.springframework.boot.test.autoconfigure.web.servlet.WebDriverTestExecutionListener@d2e8900, org.springframework.boot.test.autoconfigure.restdocs.RestDocsTestExecutionListener@6100c78c, org.springframework.boot.test.autoconfigure.web.servlet.MockMvcPrintOnlyOnFailureTestExecutionListener@1fc54a6b, org.springframework.boot.test.mock.mockito.MockitoTestExecutionListener@87bfc98]
2017-04-30 20:15:52.024  INFO 4652 --- [    Test worker] o.s.jdbc.datasource.init.ScriptUtils     : Executing SQL script from class path resource [testSchema.sql]
2017-04-30 20:15:52.027  INFO 4652 --- [    Test worker] o.s.jdbc.datasource.init.ScriptUtils     : Executed SQL script from class path resource [testSchema.sql] in 3 ms.
2017-04-30 20:15:52.028  INFO 4652 --- [    Test worker] o.s.jdbc.datasource.init.ScriptUtils     : Executing SQL script from class path resource [data.sql]
2017-04-30 20:15:52.029  INFO 4652 --- [    Test worker] o.s.jdbc.datasource.init.ScriptUtils     : Executed SQL script from class path resource [data.sql] in 1 ms.
2017-04-30 20:15:52.038  INFO 4652 --- [    Test worker] o.s.jdbc.datasource.init.ScriptUtils     : Executing SQL script from class path resource [tearDown.sql]
2017-04-30 20:15:52.039  INFO 4652 --- [    Test worker] o.s.jdbc.datasource.init.ScriptUtils     : Executed SQL script from class path resource [tearDown.sql] in 1 ms.
2017-04-30 20:15:52.041  INFO 4652 --- [    Test worker] o.s.jdbc.datasource.init.ScriptUtils     : Executing SQL script from class path resource [testSchema.sql]
2017-04-30 20:15:52.043  INFO 4652 --- [    Test worker] o.s.jdbc.datasource.init.ScriptUtils     : Executed SQL script from class path resource [testSchema.sql] in 2 ms.
2017-04-30 20:15:52.043  INFO 4652 --- [    Test worker] o.s.jdbc.datasource.init.ScriptUtils     : Executing SQL script from class path resource [data.sql]
2017-04-30 20:15:52.044  INFO 4652 --- [    Test worker] o.s.jdbc.datasource.init.ScriptUtils     : Executed SQL script from class path resource [data.sql] in 1 ms.
2017-04-30 20:15:52.047  INFO 4652 --- [    Test worker] o.s.jdbc.datasource.init.ScriptUtils     : Executing SQL script from class path resource [tearDown.sql]
2017-04-30 20:15:52.049  INFO 4652 --- [    Test worker] o.s.jdbc.datasource.init.ScriptUtils     : Executed SQL script from class path resource [tearDown.sql] in 2 ms.
2017-04-30 20:15:52.050  INFO 4652 --- [    Test worker] o.s.jdbc.datasource.init.ScriptUtils     : Executing SQL script from class path resource [testSchema.sql]
2017-04-30 20:15:52.052  INFO 4652 --- [    Test worker] o.s.jdbc.datasource.init.ScriptUtils     : Executed SQL script from class path resource [testSchema.sql] in 2 ms.
2017-04-30 20:15:52.053  INFO 4652 --- [    Test worker] o.s.jdbc.datasource.init.ScriptUtils     : Executing SQL script from class path resource [data.sql]
2017-04-30 20:15:52.054  INFO 4652 --- [    Test worker] o.s.jdbc.datasource.init.ScriptUtils     : Executed SQL script from class path resource [data.sql] in 1 ms.
2017-04-30 20:15:52.057  INFO 4652 --- [    Test worker] o.s.jdbc.datasource.init.ScriptUtils     : Executing SQL script from class path resource [tearDown.sql]
2017-04-30 20:15:52.058  INFO 4652 --- [    Test worker] o.s.jdbc.datasource.init.ScriptUtils     : Executed SQL script from class path resource [tearDown.sql] in 1 ms.
]]></system-out>
  <system-err><![CDATA[]]></system-err>
</testsuite>
